<?xml version="1.0" encoding="UTF-8"?>
<testsuite xmlns:xsi="http://www.w3.org/2001/XMLSchema-instance" xsi:noNamespaceSchemaLocation="https://maven.apache.org/surefire/maven-surefire-plugin/xsd/surefire-test-report-3.0.xsd" version="3.0" name="com.example.FelineTest" time="0.062" tests="15" errors="0" skipped="0" failures="0">
  <properties>
[...]
</properties>
  <testcase name="testGetFoodException[0]" classname="com.example.FelineTest" time="0.0"/>
  <testcase name="testGetKittens[0]" classname="com.example.FelineTest" time="0.0"/>
  <testcase name="testGetFamily[0]" classname="com.example.FelineTest" time="0.0"/>
  <testcase name="testGetKittensWithParameter[0]" classname="com.example.FelineTest" time="0.0"/>
  <testcase name="testEatMeat[0]" classname="com.example.FelineTest" time="0.0"/>
  <testcase name="testGetFoodException[1]" classname="com.example.FelineTest" time="0.0"/>
  <testcase name="testGetKittens[1]" classname="com.example.FelineTest" time="0.0"/>
  <testcase name="testGetFamily[1]" classname="com.example.FelineTest" time="0.0"/>
  <testcase name="testGetKittensWithParameter[1]" classname="com.example.FelineTest" time="0.0"/>
  <testcase name="testEatMeat[1]" classname="com.example.FelineTest" time="0.0"/>
  <testcase name="testGetFoodException[2]" classname="com.example.FelineTest" time="0.001"/>
  <testcase name="testGetKittens[2]" classname="com.example.FelineTest" time="0.0"/>
  <testcase name="testGetFamily[2]" classname="com.example.FelineTest" time="0.0"/>
  <testcase name="testGetKittensWithParameter[2]" classname="com.example.FelineTest" time="0.0"/>
  <testcase name="testEatMeat[2]" classname="com.example.FelineTest" time="0.0"/>
</testsuite>